Using pre-set license
Built from '2020.3/staging' branch; Version is '2020.3.45f1 (660cd1701bd5) revision 6687953'; Using compiler version '192528614'; Build Type 'Release'
OS: 'Windows 10  (10.0.19044) 64bit Core' Language: 'ko' Physical Memory: 16312 MB
BatchMode: 1, IsHumanControllingUs: 0, StartBugReporterOnCrash: 0, Is64bit: 1, IsPro: 0

COMMAND LINE ARGUMENTS:
D:\포트폴리오\Unity\2020.3.45f1\Editor\Unity.exe
-adb2
-batchMode
-noUpm
-name
AssetImportWorker0
-projectPath
D:/포트폴리오/Unity/Unity_Study/HCG_3DZigzag
-logFile
Logs/AssetImportWorker0.log
-srvPort
7859
Successfully changed project path to: D:/포트폴리오/Unity/Unity_Study/HCG_3DZigzag
D:/포트폴리오/Unity/Unity_Study/HCG_3DZigzag
Using Asset Import Pipeline V2.
Player connection [29428] Host "[IP] 222.98.62.45 [Port] 73 [Flags] 2 [Guid] 2096888734 [EditorId] 2096888734 [Version] 1048832 [Id] WindowsEditor(7,DESKTOP-E18RAE6) [Debug] 1 [PackageName] WindowsEditor [ProjectName] Editor" joined multi-casting on [225.0.0.222:54997]...

Player connection [29428] Host "[IP] 222.98.62.45 [Port] 73 [Flags] 2 [Guid] 2096888734 [EditorId] 2096888734 [Version] 1048832 [Id] WindowsEditor(7,DESKTOP-E18RAE6) [Debug] 1 [PackageName] WindowsEditor [ProjectName] Editor" joined alternative multi-casting on [225.0.0.222:34997]...

Refreshing native plugins compatible for Editor in 28.12 ms, found 2 plugins.
Preloading 0 native plugins for Editor in 0.00 ms.
Initialize engine version: 2020.3.45f1 (660cd1701bd5)
[Subsystems] Discovering subsystems at path D:/포트폴리오/Unity/2020.3.45f1/Editor/Data/Resources/UnitySubsystems
[Subsystems] Discovering subsystems at path D:/포트폴리오/Unity/Unity_Study/HCG_3DZigzag/Assets
GfxDevice: creating device client; threaded=0
Direct3D:
    Version:  Direct3D 11.0 [level 11.1]
    Renderer: NVIDIA GeForce RTX 3060 Ti (ID=0x2486)
    Vendor:   
    VRAM:     8050 MB
    Driver:   31.0.15.1694
Initialize mono
Mono path[0] = 'D:/포트폴리오/Unity/2020.3.45f1/Editor/Data/Managed'
Mono path[1] = 'D:/포트폴리오/Unity/2020.3.45f1/Editor/Data/MonoBleedingEdge/lib/mono/unityjit'
Mono config path = 'D:/포트폴리오/Unity/2020.3.45f1/Editor/Data/MonoBleedingEdge/etc'
Using monoOptions --debugger-agent=transport=dt_socket,embedding=1,server=y,suspend=n,address=127.0.0.1:56768
Begin MonoManager ReloadAssembly
Registering precompiled unity dll's ...
Register platform support module: D:/포트폴리오/Unity/2020.3.45f1/Editor/Data/PlaybackEngines/WindowsStandaloneSupport/UnityEditor.WindowsStandalone.Extensions.dll
Registered in 0.001194 seconds.
Native extension for WindowsStandalone target not found
Refreshing native plugins compatible for Editor in 26.46 ms, found 2 plugins.
Preloading 0 native plugins for Editor in 0.00 ms.
Mono: successfully reloaded assembly
- Completed reload, in  0.544 seconds
Domain Reload Profiling:
	ReloadAssembly (544ms)
		BeginReloadAssembly (97ms)
			ExecutionOrderSort (0ms)
			DisableScriptedObjects (0ms)
			BackupInstance (0ms)
			ReleaseScriptingObjects (0ms)
			CreateAndSetChildDomain (1ms)
		EndReloadAssembly (382ms)
			LoadAssemblies (97ms)
			RebuildTransferFunctionScriptingTraits (0ms)
			SetupTypeCache (137ms)
			ReleaseScriptCaches (0ms)
			RebuildScriptCaches (25ms)
			SetupLoadedEditorAssemblies (135ms)
				LogAssemblyErrors (0ms)
				InitializePlatformSupportModulesInManaged (3ms)
				SetLoadedEditorAssemblies (0ms)
				RefreshPlugins (27ms)
				BeforeProcessingInitializeOnLoad (14ms)
				ProcessInitializeOnLoadAttributes (68ms)
				ProcessInitializeOnLoadMethodAttributes (23ms)
				AfterProcessingInitializeOnLoad (0ms)
				EditorAssembliesLoaded (0ms)
			ExecutionOrderSort2 (0ms)
			AwakeInstancesAfterBackupRestoration (0ms)
Platform modules already initialized, skipping
Registering precompiled user dll's ...
Registered in 0.002684 seconds.
Begin MonoManager ReloadAssembly
Native extension for WindowsStandalone target not found
Refreshing native plugins compatible for Editor in 0.51 ms, found 2 plugins.
Preloading 0 native plugins for Editor in 0.00 ms.
Mono: successfully reloaded assembly
- Completed reload, in  0.975 seconds
Domain Reload Profiling:
	ReloadAssembly (976ms)
		BeginReloadAssembly (151ms)
			ExecutionOrderSort (0ms)
			DisableScriptedObjects (4ms)
			BackupInstance (0ms)
			ReleaseScriptingObjects (0ms)
			CreateAndSetChildDomain (17ms)
		EndReloadAssembly (774ms)
			LoadAssemblies (105ms)
			RebuildTransferFunctionScriptingTraits (0ms)
			SetupTypeCache (244ms)
			ReleaseScriptCaches (0ms)
			RebuildScriptCaches (49ms)
			SetupLoadedEditorAssemblies (301ms)
				LogAssemblyErrors (0ms)
				InitializePlatformSupportModulesInManaged (5ms)
				SetLoadedEditorAssemblies (1ms)
				RefreshPlugins (1ms)
				BeforeProcessingInitializeOnLoad (88ms)
				ProcessInitializeOnLoadAttributes (196ms)
				ProcessInitializeOnLoadMethodAttributes (8ms)
				AfterProcessingInitializeOnLoad (2ms)
				EditorAssembliesLoaded (0ms)
			ExecutionOrderSort2 (0ms)
			AwakeInstancesAfterBackupRestoration (2ms)
Platform modules already initialized, skipping
========================================================================
Worker process is ready to serve import requests
Launched and connected shader compiler UnityShaderCompiler.exe after 0.06 seconds
Refreshing native plugins compatible for Editor in 0.29 ms, found 2 plugins.
Preloading 0 native plugins for Editor in 0.00 ms.
Unloading 1324 Unused Serialized files (Serialized files now loaded: 0)
System memory in use before: 66.3 MB.
System memory in use after: 66.3 MB.

Unloading 17 unused Assets to reduce memory usage. Loaded Objects now: 1760.
Total: 2.308400 ms (FindLiveObjects: 0.112000 ms CreateObjectMapping: 0.028500 ms MarkObjects: 2.100300 ms  DeleteObjects: 0.066700 ms)

AssetImportParameters requested are different than current active one (requested -> active):
  custom:framework-win-MediaFoundation: 216162199b28c13a410421893ffa2e32 -> 
  custom:video-decoder-ogg-theora: a1e56fd34408186e4bbccfd4996cb3dc -> 
  custom:container-muxer-webm: aa71ff27fc2769a1b78a27578f13a17b -> 
  custom:container-demuxer-webm: 4f35f7cbe854078d1ac9338744f61a02 -> 
  custom:container-demuxer-ogg: 62fdf1f143b41e24485cea50d1cbac27 -> 
  custom:video-encoder-webm-vp8: eb34c28f22e8b96e1ab97ce403110664 -> 
  custom:video-codec-MediaFoundation-h265: 746d11721c4dcdbdad8f713fa42b33f4 -> 
  custom:video-decoder-webm-vp8: 9c59270c3fd7afecdb556c50c9e8de78 -> 
  custom:audio-decoder-ogg-vorbis: bf7c407c2cedff20999df2af8eb42d56 -> 
  custom:audio-encoder-webm-vorbis: bf7c407c2cedff20999df2af8eb42d56 -> 
========================================================================
Received Import Request.
  path: Assets/Scripts/Tile.cs
  artifactKey: Guid(ff942598a294e604c817fe5f6af8a467) Importer(815301076,1909f56bfc062723c751e8b465ee728b)
Start importing Assets/Scripts/Tile.cs using Guid(ff942598a294e604c817fe5f6af8a467) Importer(815301076,1909f56bfc062723c751e8b465ee728b)  -> (artifact id: 'f75914f0ee9f48fc499a6b00d0f9066c') in 0.034590 seconds 
========================================================================
Received Prepare
Registering precompiled user dll's ...
Registered in 0.002615 seconds.
Begin MonoManager ReloadAssembly
Native extension for WindowsStandalone target not found
Refreshing native plugins compatible for Editor in 0.30 ms, found 2 plugins.
Preloading 0 native plugins for Editor in 0.00 ms.
Mono: successfully reloaded assembly
- Completed reload, in  0.783 seconds
Domain Reload Profiling:
	ReloadAssembly (783ms)
		BeginReloadAssembly (116ms)
			ExecutionOrderSort (0ms)
			DisableScriptedObjects (4ms)
			BackupInstance (0ms)
			ReleaseScriptingObjects (0ms)
			CreateAndSetChildDomain (25ms)
		EndReloadAssembly (618ms)
			LoadAssemblies (101ms)
			RebuildTransferFunctionScriptingTraits (0ms)
			SetupTypeCache (225ms)
			ReleaseScriptCaches (1ms)
			RebuildScriptCaches (31ms)
			SetupLoadedEditorAssemblies (223ms)
				LogAssemblyErrors (0ms)
				InitializePlatformSupportModulesInManaged (3ms)
				SetLoadedEditorAssemblies (0ms)
				RefreshPlugins (0ms)
				BeforeProcessingInitializeOnLoad (56ms)
				ProcessInitializeOnLoadAttributes (154ms)
				ProcessInitializeOnLoadMethodAttributes (7ms)
				AfterProcessingInitializeOnLoad (2ms)
				EditorAssembliesLoaded (0ms)
			ExecutionOrderSort2 (0ms)
			AwakeInstancesAfterBackupRestoration (2ms)
Platform modules already initialized, skipping
Refreshing native plugins compatible for Editor in 0.27 ms, found 2 plugins.
Preloading 0 native plugins for Editor in 0.00 ms.
Unloading 1319 Unused Serialized files (Serialized files now loaded: 0)
System memory in use before: 66.2 MB.
System memory in use after: 66.3 MB.

Unloading 12 unused Assets to reduce memory usage. Loaded Objects now: 1763.
Total: 2.601700 ms (FindLiveObjects: 0.128100 ms CreateObjectMapping: 0.037700 ms MarkObjects: 2.388900 ms  DeleteObjects: 0.046000 ms)

AssetImportParameters requested are different than current active one (requested -> active):
  custom:framework-win-MediaFoundation: 216162199b28c13a410421893ffa2e32 -> 
  custom:video-decoder-ogg-theora: a1e56fd34408186e4bbccfd4996cb3dc -> 
  custom:container-muxer-webm: aa71ff27fc2769a1b78a27578f13a17b -> 
  custom:container-demuxer-webm: 4f35f7cbe854078d1ac9338744f61a02 -> 
  custom:container-demuxer-ogg: 62fdf1f143b41e24485cea50d1cbac27 -> 
  custom:video-encoder-webm-vp8: eb34c28f22e8b96e1ab97ce403110664 -> 
  custom:video-codec-MediaFoundation-h265: 746d11721c4dcdbdad8f713fa42b33f4 -> 
  custom:video-decoder-webm-vp8: 9c59270c3fd7afecdb556c50c9e8de78 -> 
  custom:audio-decoder-ogg-vorbis: bf7c407c2cedff20999df2af8eb42d56 -> 
  custom:audio-encoder-webm-vorbis: bf7c407c2cedff20999df2af8eb42d56 -> 
========================================================================
Received Import Request.
  Time since last request: 278.789154 seconds.
  path: Assets/Prefabs/Tile.prefab
  artifactKey: Guid(0caa0e8e4fd4ae142924f221db059a1b) Importer(815301076,1909f56bfc062723c751e8b465ee728b)
Start importing Assets/Prefabs/Tile.prefab using Guid(0caa0e8e4fd4ae142924f221db059a1b) Importer(815301076,1909f56bfc062723c751e8b465ee728b)  -> (artifact id: 'f408c4a983db7f8fa574f26c0d6f0de3') in 0.070760 seconds 
========================================================================
Received Import Request.
  Time since last request: 2.344410 seconds.
  path: Assets/Prefabs/Tile.prefab
  artifactKey: Guid(0caa0e8e4fd4ae142924f221db059a1b) Importer(815301076,1909f56bfc062723c751e8b465ee728b)
Start importing Assets/Prefabs/Tile.prefab using Guid(0caa0e8e4fd4ae142924f221db059a1b) Importer(815301076,1909f56bfc062723c751e8b465ee728b)  -> (artifact id: 'bda22e95066db072a1009479425a7b31') in 0.007127 seconds 
========================================================================
Received Import Request.
  Time since last request: 2.416816 seconds.
  path: Assets/Prefabs/Tile.prefab
  artifactKey: Guid(0caa0e8e4fd4ae142924f221db059a1b) Importer(815301076,1909f56bfc062723c751e8b465ee728b)
Start importing Assets/Prefabs/Tile.prefab using Guid(0caa0e8e4fd4ae142924f221db059a1b) Importer(815301076,1909f56bfc062723c751e8b465ee728b)  -> (artifact id: '65b409a82ff8ef5b15f7c23e4a9b269c') in 0.007393 seconds 
========================================================================
Received Import Request.
  Time since last request: 2.095318 seconds.
  path: Assets/Prefabs/Tile.prefab
  artifactKey: Guid(0caa0e8e4fd4ae142924f221db059a1b) Importer(815301076,1909f56bfc062723c751e8b465ee728b)
Start importing Assets/Prefabs/Tile.prefab using Guid(0caa0e8e4fd4ae142924f221db059a1b) Importer(815301076,1909f56bfc062723c751e8b465ee728b)  -> (artifact id: '0a0129d53bbfd2efef3ec522cb2c5fbe') in 0.010333 seconds 
========================================================================
Received Import Request.
  Time since last request: 5.062458 seconds.
  path: Assets/Prefabs/Tile.prefab
  artifactKey: Guid(0caa0e8e4fd4ae142924f221db059a1b) Importer(815301076,1909f56bfc062723c751e8b465ee728b)
Start importing Assets/Prefabs/Tile.prefab using Guid(0caa0e8e4fd4ae142924f221db059a1b) Importer(815301076,1909f56bfc062723c751e8b465ee728b)  -> (artifact id: '8fafd031fae9d874916da4b93562f97e') in 0.028956 seconds 
========================================================================
Received Import Request.
  Time since last request: 4.626893 seconds.
  path: Assets/Prefabs/Tile.prefab
  artifactKey: Guid(0caa0e8e4fd4ae142924f221db059a1b) Importer(815301076,1909f56bfc062723c751e8b465ee728b)
Start importing Assets/Prefabs/Tile.prefab using Guid(0caa0e8e4fd4ae142924f221db059a1b) Importer(815301076,1909f56bfc062723c751e8b465ee728b)  -> (artifact id: '54d2b524a5c8a8f93c13855d694252f7') in 0.014847 seconds 
========================================================================
Received Import Request.
  Time since last request: 0.376346 seconds.
  path: Assets/Prefabs/Tile.prefab
  artifactKey: Guid(0caa0e8e4fd4ae142924f221db059a1b) Importer(815301076,1909f56bfc062723c751e8b465ee728b)
Start importing Assets/Prefabs/Tile.prefab using Guid(0caa0e8e4fd4ae142924f221db059a1b) Importer(815301076,1909f56bfc062723c751e8b465ee728b)  -> (artifact id: '5b72dee3fbff43628c3904fd6618c6bc') in 0.018831 seconds 
========================================================================
Received Import Request.
  Time since last request: 0.171992 seconds.
  path: Assets/Prefabs/Tile.prefab
  artifactKey: Guid(0caa0e8e4fd4ae142924f221db059a1b) Importer(815301076,1909f56bfc062723c751e8b465ee728b)
Start importing Assets/Prefabs/Tile.prefab using Guid(0caa0e8e4fd4ae142924f221db059a1b) Importer(815301076,1909f56bfc062723c751e8b465ee728b)  -> (artifact id: 'b06fdaee5c5045a75cbcb2f9e2c53c57') in 0.007120 seconds 
========================================================================
Received Import Request.
  Time since last request: 0.399364 seconds.
  path: Assets/Prefabs/Tile.prefab
  artifactKey: Guid(0caa0e8e4fd4ae142924f221db059a1b) Importer(815301076,1909f56bfc062723c751e8b465ee728b)
Start importing Assets/Prefabs/Tile.prefab using Guid(0caa0e8e4fd4ae142924f221db059a1b) Importer(815301076,1909f56bfc062723c751e8b465ee728b)  -> (artifact id: '2934e74f6c7a68095f1467ff26b0dc9d') in 0.007364 seconds 
========================================================================
Received Import Request.
  Time since last request: 0.190500 seconds.
  path: Assets/Prefabs/Tile.prefab
  artifactKey: Guid(0caa0e8e4fd4ae142924f221db059a1b) Importer(815301076,1909f56bfc062723c751e8b465ee728b)
Start importing Assets/Prefabs/Tile.prefab using Guid(0caa0e8e4fd4ae142924f221db059a1b) Importer(815301076,1909f56bfc062723c751e8b465ee728b)  -> (artifact id: 'fe91a7e554ce6be2b57842bbc8a9402c') in 0.008030 seconds 
========================================================================
Received Prepare
Registering precompiled user dll's ...
Registered in 0.003513 seconds.
Begin MonoManager ReloadAssembly
Native extension for WindowsStandalone target not found
Refreshing native plugins compatible for Editor in 0.29 ms, found 2 plugins.
Preloading 0 native plugins for Editor in 0.00 ms.
Mono: successfully reloaded assembly
- Completed reload, in  0.764 seconds
Domain Reload Profiling:
	ReloadAssembly (764ms)
		BeginReloadAssembly (116ms)
			ExecutionOrderSort (0ms)
			DisableScriptedObjects (4ms)
			BackupInstance (0ms)
			ReleaseScriptingObjects (0ms)
			CreateAndSetChildDomain (29ms)
		EndReloadAssembly (596ms)
			LoadAssemblies (100ms)
			RebuildTransferFunctionScriptingTraits (0ms)
			SetupTypeCache (212ms)
			ReleaseScriptCaches (1ms)
			RebuildScriptCaches (30ms)
			SetupLoadedEditorAssemblies (218ms)
				LogAssemblyErrors (0ms)
				InitializePlatformSupportModulesInManaged (4ms)
				SetLoadedEditorAssemblies (0ms)
				RefreshPlugins (0ms)
				BeforeProcessingInitializeOnLoad (55ms)
				ProcessInitializeOnLoadAttributes (150ms)
				ProcessInitializeOnLoadMethodAttributes (7ms)
				AfterProcessingInitializeOnLoad (2ms)
				EditorAssembliesLoaded (0ms)
			ExecutionOrderSort2 (0ms)
			AwakeInstancesAfterBackupRestoration (2ms)
Platform modules already initialized, skipping
Refreshing native plugins compatible for Editor in 0.29 ms, found 2 plugins.
Preloading 0 native plugins for Editor in 0.00 ms.
Unloading 1319 Unused Serialized files (Serialized files now loaded: 0)
System memory in use before: 69.4 MB.
System memory in use after: 69.5 MB.

Unloading 12 unused Assets to reduce memory usage. Loaded Objects now: 1775.
Total: 2.278000 ms (FindLiveObjects: 0.117500 ms CreateObjectMapping: 0.030300 ms MarkObjects: 2.088400 ms  DeleteObjects: 0.041300 ms)

AssetImportParameters requested are different than current active one (requested -> active):
  custom:framework-win-MediaFoundation: 216162199b28c13a410421893ffa2e32 -> 
  custom:video-decoder-ogg-theora: a1e56fd34408186e4bbccfd4996cb3dc -> 
  custom:container-muxer-webm: aa71ff27fc2769a1b78a27578f13a17b -> 
  custom:container-demuxer-webm: 4f35f7cbe854078d1ac9338744f61a02 -> 
  custom:container-demuxer-ogg: 62fdf1f143b41e24485cea50d1cbac27 -> 
  custom:video-encoder-webm-vp8: eb34c28f22e8b96e1ab97ce403110664 -> 
  custom:video-codec-MediaFoundation-h265: 746d11721c4dcdbdad8f713fa42b33f4 -> 
  custom:video-decoder-webm-vp8: 9c59270c3fd7afecdb556c50c9e8de78 -> 
  custom:audio-decoder-ogg-vorbis: bf7c407c2cedff20999df2af8eb42d56 -> 
  custom:audio-encoder-webm-vorbis: bf7c407c2cedff20999df2af8eb42d56 -> 
========================================================================
Received Prepare
Registering precompiled user dll's ...
Registered in 0.003040 seconds.
Begin MonoManager ReloadAssembly
Native extension for WindowsStandalone target not found
Refreshing native plugins compatible for Editor in 0.30 ms, found 2 plugins.
Preloading 0 native plugins for Editor in 0.00 ms.
Mono: successfully reloaded assembly
- Completed reload, in  0.860 seconds
Domain Reload Profiling:
	ReloadAssembly (861ms)
		BeginReloadAssembly (123ms)
			ExecutionOrderSort (0ms)
			DisableScriptedObjects (5ms)
			BackupInstance (0ms)
			ReleaseScriptingObjects (0ms)
			CreateAndSetChildDomain (25ms)
		EndReloadAssembly (685ms)
			LoadAssemblies (112ms)
			RebuildTransferFunctionScriptingTraits (0ms)
			SetupTypeCache (240ms)
			ReleaseScriptCaches (1ms)
			RebuildScriptCaches (36ms)
			SetupLoadedEditorAssemblies (256ms)
				LogAssemblyErrors (0ms)
				InitializePlatformSupportModulesInManaged (5ms)
				SetLoadedEditorAssemblies (0ms)
				RefreshPlugins (0ms)
				BeforeProcessingInitializeOnLoad (65ms)
				ProcessInitializeOnLoadAttributes (175ms)
				ProcessInitializeOnLoadMethodAttributes (7ms)
				AfterProcessingInitializeOnLoad (2ms)
				EditorAssembliesLoaded (0ms)
			ExecutionOrderSort2 (0ms)
			AwakeInstancesAfterBackupRestoration (2ms)
Platform modules already initialized, skipping
Refreshing native plugins compatible for Editor in 0.32 ms, found 2 plugins.
Preloading 0 native plugins for Editor in 0.00 ms.
Unloading 1319 Unused Serialized files (Serialized files now loaded: 0)
System memory in use before: 69.4 MB.
System memory in use after: 69.5 MB.

Unloading 12 unused Assets to reduce memory usage. Loaded Objects now: 1778.
Total: 2.569400 ms (FindLiveObjects: 0.120300 ms CreateObjectMapping: 0.028700 ms MarkObjects: 2.355900 ms  DeleteObjects: 0.063600 ms)

AssetImportParameters requested are different than current active one (requested -> active):
  custom:framework-win-MediaFoundation: 216162199b28c13a410421893ffa2e32 -> 
  custom:video-decoder-ogg-theora: a1e56fd34408186e4bbccfd4996cb3dc -> 
  custom:container-muxer-webm: aa71ff27fc2769a1b78a27578f13a17b -> 
  custom:container-demuxer-webm: 4f35f7cbe854078d1ac9338744f61a02 -> 
  custom:container-demuxer-ogg: 62fdf1f143b41e24485cea50d1cbac27 -> 
  custom:video-encoder-webm-vp8: eb34c28f22e8b96e1ab97ce403110664 -> 
  custom:video-codec-MediaFoundation-h265: 746d11721c4dcdbdad8f713fa42b33f4 -> 
  custom:video-decoder-webm-vp8: 9c59270c3fd7afecdb556c50c9e8de78 -> 
  custom:audio-decoder-ogg-vorbis: bf7c407c2cedff20999df2af8eb42d56 -> 
  custom:audio-encoder-webm-vorbis: bf7c407c2cedff20999df2af8eb42d56 -> 
AssetImportWorkerClient::OnTransportError - code=2 error=End of file
